<?xml version="1.0" encoding="UTF-8"?>
<testsuite xmlns:xsi="http://www.w3.org/2001/XMLSchema-instance" xsi:noNamespaceSchemaLocation="https://maven.apache.org/surefire/maven-surefire-plugin/xsd/surefire-test-report-3.0.xsd" version="3.0" name="com.example.RemarkTest" time="0.133" tests="6" errors="0" skipped="0" failures="0">
  <properties>
[...]
</properties>
  <testcase name="testInvalidCapitalLetterAtStart" classname="com.example.RemarkTest" time="0.049"/>
  <testcase name="testInvalidCategory" classname="com.example.RemarkTest" time="0.001"/>
  <testcase name="testValidCapitalLetterAtStart" classname="com.example.RemarkTest" time="0.013"/>
  <testcase name="testInvalidRemarkLength" classname="com.example.RemarkTest" time="0.001"/>
  <testcase name="testValidRemarkLength" classname="com.example.RemarkTest" time="0.004"/>
  <testcase name="testValidCategory" classname="com.example.RemarkTest" time="0.003"/>
</testsuite>