<?xml version="1.0" encoding="UTF-8"?>
<testsuite xmlns:xsi="http://www.w3.org/2001/XMLSchema-instance" xsi:noNamespaceSchemaLocation="https://maven.apache.org/surefire/maven-surefire-plugin/xsd/surefire-test-report-3.0.xsd" version="3.0" name="com.example.PrescriptionTest" time="0.11" tests="6" errors="0" skipped="0" failures="0">
  <properties>
[...]
</properties>
  <testcase name="testAddPrescriptionValidCylinderValues" classname="com.example.PrescriptionTest" time="0.056"/>
  <testcase name="testAddPrescriptionInvalidNames" classname="com.example.PrescriptionTest" time="0.004"/>
  <testcase name="testAddPrescriptionAxisInvalidValues" classname="com.example.PrescriptionTest" time="0.003"/>
  <testcase name="testValidNamesForPrescription" classname="com.example.PrescriptionTest" time="0.003"/>
  <testcase name="testAddPrescriptionInvalidAddress" classname="com.example.PrescriptionTest" time="0.001"/>
  <testcase name="testAddPrescriptionAxisValidValues" classname="com.example.PrescriptionTest" time="0.003"/>
</testsuite>